<?xml version="1.0" encoding="utf-8"?><testsuites name="pytest tests"><testsuite name="pytest" errors="0" failures="0" skipped="12" tests="15" time="5.0" timestamp="2026-09-09T12:00:00+08:00" hostname="fixture"><testcase classname="tests.test_suite" name="test_ok_0" time="0.001" /><testcase classname="tests.test_suite" name="test_ok_1" time="0.001" /><testcase classname="tests.test_suite" name="test_ok_2" time="0.001" /><testcase classname="tests.test_env" name="test_needs_resource_0" time="0.000"><skipped type="pytest.skip" message="資源不在，先 skip">tests/test_env.py:10: 資源不在，先 skip</skipped></testcase><testcase classname="tests.test_env" name="test_needs_resource_1" time="0.000"><skipped type="pytest.skip" message="資源不在，先 skip">tests/test_env.py:11: 資源不在，先 skip</skipped></testcase><testcase classname="tests.test_env" name="test_needs_resource_2" time="0.000"><skipped type="pytest.skip" message="資源不在，先 skip">tests/test_env.py:12: 資源不在，先 skip</skipped></testcase><testcase classname="tests.test_env" name="test_needs_resource_3" time="0.000"><skipped type="pytest.skip" message="資源不在，先 skip">tests/test_env.py:13: 資源不在，先 skip</skipped></testcase><testcase classname="tests.test_env" name="test_needs_resource_4" time="0.000"><skipped type="pytest.skip" message="資源不在，先 skip">tests/test_env.py:14: 資源不在，先 skip</skipped></testcase><testcase classname="tests.test_env" name="test_needs_resource_5" time="0.000"><skipped type="pytest.skip" message="資源不在，先 skip">tests/test_env.py:15: 資源不在，先 skip</skipped></testcase><testcase classname="tests.test_env" name="test_needs_resource_6" time="0.000"><skipped type="pytest.skip" message="資源不在，先 skip">tests/test_env.py:16: 資源不在，先 skip</skipped></testcase><testcase classname="tests.test_env" name="test_needs_resource_7" time="0.000"><skipped type="pytest.skip" message="資源不在，先 skip">tests/test_env.py:17: 資源不在，先 skip</skipped></testcase><testcase classname="tests.test_env" name="test_needs_resource_8" time="0.000"><skipped type="pytest.skip" message="資源不在，先 skip">tests/test_env.py:18: 資源不在，先 skip</skipped></testcase><testcase classname="tests.test_env" name="test_needs_resource_9" time="0.000"><skipped type="pytest.skip" message="資源不在，先 skip">tests/test_env.py:19: 資源不在，先 skip</skipped></testcase><testcase classname="tests.test_env" name="test_needs_resource_10" time="0.000"><skipped type="pytest.skip" message="資源不在，先 skip">tests/test_env.py:20: 資源不在，先 skip</skipped></testcase><testcase classname="tests.test_env" name="test_needs_resource_11" time="0.000"><skipped type="pytest.skip" message="資源不在，先 skip">tests/test_env.py:21: 資源不在，先 skip</skipped></testcase></testsuite></testsuites>