<?xml version="1.0" encoding="utf-8"?><testsuites name="pytest tests"><testsuite name="pytest" errors="0" failures="2" skipped="0" tests="16" time="5.0" timestamp="2026-09-09T12:00:00+08:00" hostname="fixture"><testcase classname="tests.test_suite" name="test_ok_0" time="0.001" /><testcase classname="tests.test_suite" name="test_ok_1" time="0.001" /><testcase classname="tests.test_suite" name="test_ok_2" time="0.001" /><testcase classname="tests.test_suite" name="test_broken_0" time="0.001"><failure message="assert False">tests/test_suite.py:20: assert False</failure></testcase><testcase classname="tests.test_suite" name="test_broken_1" time="0.001"><failure message="assert False">tests/test_suite.py:21: assert False</failure></testcase></testsuite></testsuites>
