<?xml version="1.0" encoding="utf-8"?><testsuites name="pytest tests"><testsuite name="pytest" errors="0" failures="2" skipped="0" tests="16" time="5.0" timestamp="2026-09-09T12:00:00+08:00" hostname="fixture"><testcase classname="tests.test_suite" name="test_ok_0" time="0.001" /><testcase classname="tests.test_suite" name="test_ok_1" time="0.001" /><testcase classname="tests.test_suite" name="test_ok_2" time="0.001" /><testcase classname="tests.test_suite" name="test_ok_3" time="0.001" /><testcase classname="tests.test_suite" name="test_ok_4" time="0.001" /><testcase classname="tests.test_suite" name="test_ok_5" time="0.001" /><testcase classname="tests.test_suite" name="test_ok_6" time="0.001" /><testcase classname="tests.test_suite" name="test_ok_7" time="0.001" /><testcase classname="tests.test_suite" name="test_ok_8" time="0.001" /><testcase classname="tests.test_suite" name="test_ok_9" time="0.001" /><testcase classname="tests.test_suite" name="test_ok_10" time="0.001" /><testcase classname="tests.test_suite" name="test_ok_11" time="0.001" /><testcase classname="tests.test_suite" name="test_ok_12" time="0.001" /><testcase classname="tests.test_suite" name="test_ok_13" time="0.001" /><testcase classname="tests.test_suite" name="test_broken_0" time="0.001"><failure message="assert False">tests/test_suite.py:20: assert False</failure></testcase><testcase classname="tests.test_suite" name="test_broken_1" time="0.001"><failure message="assert False">tests/test_suite.py:21: assert False</failure></testcase></testsuite></testsuites>