<?xml version="1.0" encoding="utf-8"?><testsuites name="pytest tests"><testsuite name="pytest" errors="0" failures="0" skipped="0" tests="100" time="5.0" timestamp="2026-09-09T12:00:00+08:00" hostname="fixture"><testcase classname="tests.test_suite" name="test_ok_0" time="0.001" /><testcase classname="tests.test_suite" name="test_ok_1" time="0.001" /><testcase classname="tests.test_suite" name="test_ok_2" time="0.001" /><testcase classname="tests.test_suite" name="test_ok_3" time="0.001" /><testcase classname="tests.test_suite" name="test_ok_4" time="0.001" /><testcase classname="tests.test_suite" name="test_ok_5" time="0.001" /><testcase classname="tests.test_suite" name="test_ok_6" time="0.001" /><testcase classname="tests.test_suite" name="test_ok_7" time="0.001" /><testcase classname="tests.test_suite" name="test_ok_8" time="0.001" /><testcase classname="tests.test_suite" name="test_ok_9" time="0.001" /><testcase classname="tests.test_suite" name="test_ok_10" time="0.001" /><testcase classname="tests.test_suite" name="test_ok_11" time="0.001" /><testcase classname="tests.test_suite" name="test_ok_12" time="0.001" /><testcase classname="tests.test_suite" name="test_ok_13" time="0.001" /><testcase classname="tests.test_suite" name="test_ok_14" time="0.001" /><testcase classname="tests.test_suite" name="test_ok_15" time="0.001" /><testcase classname="tests.test_suite" name="test_ok_16" time="0.001" /><testcase classname="tests.test_suite" name="test_ok_17" time="0.001" /><testcase classname="tests.test_suite" name="test_ok_18" time="0.001" /><testcase classname="tests.test_suite" name="test_ok_19" time="0.001" /><testcase classname="tests.test_suite" name="test_ok_20" time="0.001" /><testcase classname="tests.test_suite" name="test_ok_21" time="0.001" /><testcase classname="tests.test_suite" name="test_ok_22" time="0.001" /><testcase classname="tests.test_suite" name="test_ok_23" time="0.001" /><testcase classname="tests.test_suite" name="test_ok_24" time="0.001" /><testcase classname="tests.test_suite" name="test_ok_25" time="0.001" /><testcase classname="tests.test_suite" name="test_ok_26" time="0.001" /><testcase classname="tests.test_suite" name="test_ok_27" time="0.001" /><testcase classname="tests.test_suite" name="test_ok_28" time="0.001" /><testcase classname="tests.test_suite" name="test_ok_29" time="0.001" /><testcase classname="tests.test_suite" name="test_ok_30" time="0.001" /><testcase classname="tests.test_suite" name="test_ok_31" time="0.001" /><testcase classname="tests.test_suite" name="test_ok_32" time="0.001" /><testcase classname="tests.test_suite" name="test_ok_33" time="0.001" /><testcase classname="tests.test_suite" name="test_ok_34" time="0.001" /><testcase classname="tests.test_suite" name="test_ok_35" time="0.001" /><testcase classname="tests.test_suite" name="test_ok_36" time="0.001" /><testcase classname="tests.test_suite" name="test_ok_37" time="0.001" /><testcase classname="tests.test_suite" name="test_ok_38" time="0.001" /><testcase classname="tests.test_suite" name="test_ok_39" time="0.001" /><testcase classname="tests.test_suite" name="test_ok_40" time="0.001" /><testcase classname="tests.test_suite" name="test_ok_41" time="0.001" /><testcase classname="tests.test_suite" name="test_ok_42" time="0.001" /><testcase classname="tests.test_suite" name="test_ok_43" time="0.001" /><testcase classname="tests.test_suite" name="test_ok_44" time="0.001" /><testcase classname="tests.test_suite" name="test_ok_45" time="0.001" /><testcase classname="tests.test_suite" name="test_ok_46" time="0.001" /><testcase classname="tests.test_suite" name="test_ok_47" time="0.001" /><testcase classname="tests.test_suite" name="test_ok_48" time="0.001" /><testcase classname="tests.test_suite" name="test_ok_49" time="0.001" /><testcase classname="tests.test_suite" name="test_ok_50" time="0.001" /><testcase classname="tests.test_suite" name="test_ok_51" time="0.001" /><testcase classname="tests.test_suite" name="test_ok_52" time="0.001" /><testcase classname="tests.test_suite" name="test_ok_53" time="0.001" /><testcase classname="tests.test_suite" name="test_ok_54" time="0.001" /><testcase classname="tests.test_suite" name="test_ok_55" time="0.001" /><testcase classname="tests.test_suite" name="test_ok_56" time="0.001" /><testcase classname="tests.test_suite" name="test_ok_57" time="0.001" /><testcase classname="tests.test_suite" name="test_ok_58" time="0.001" /><testcase classname="tests.test_suite" name="test_ok_59" time="0.001" /><testcase classname="tests.test_suite" name="test_ok_60" time="0.001" /><testcase classname="tests.test_suite" name="test_ok_61" time="0.001" /><testcase classname="tests.test_suite" name="test_ok_62" time="0.001" /><testcase classname="tests.test_suite" name="test_ok_63" time="0.001" /><testcase classname="tests.test_suite" name="test_ok_64" time="0.001" /><testcase classname="tests.test_suite" name="test_ok_65" time="0.001" /><testcase classname="tests.test_suite" name="test_ok_66" time="0.001" /><testcase classname="tests.test_suite" name="test_ok_67" time="0.001" /><testcase classname="tests.test_suite" name="test_ok_68" time="0.001" /><testcase classname="tests.test_suite" name="test_ok_69" time="0.001" /><testcase classname="tests.test_suite" name="test_ok_70" time="0.001" /><testcase classname="tests.test_suite" name="test_ok_71" time="0.001" /><testcase classname="tests.test_suite" name="test_ok_72" time="0.001" /><testcase classname="tests.test_suite" name="test_ok_73" time="0.001" /><testcase classname="tests.test_suite" name="test_ok_74" time="0.001" /><testcase classname="tests.test_suite" name="test_ok_75" time="0.001" /><testcase classname="tests.test_suite" name="test_ok_76" time="0.001" /><testcase classname="tests.test_suite" name="test_ok_77" time="0.001" /><testcase classname="tests.test_suite" name="test_ok_78" time="0.001" /><testcase classname="tests.test_suite" name="test_ok_79" time="0.001" /><testcase classname="tests.test_suite" name="test_ok_80" time="0.001" /><testcase classname="tests.test_suite" name="test_ok_81" time="0.001" /><testcase classname="tests.test_suite" name="test_ok_82" time="0.001" /><testcase classname="tests.test_suite" name="test_ok_83" time="0.001" /><testcase classname="tests.test_suite" name="test_ok_84" time="0.001" /><testcase classname="tests.test_suite" name="test_ok_85" time="0.001" /><testcase classname="tests.test_suite" name="test_ok_86" time="0.001" /><testcase classname="tests.test_suite" name="test_ok_87" time="0.001" /><testcase classname="tests.test_suite" name="test_ok_88" time="0.001" /><testcase classname="tests.test_suite" name="test_ok_89" time="0.001" /><testcase classname="tests.test_suite" name="test_ok_90" time="0.001" /><testcase classname="tests.test_suite" name="test_ok_91" time="0.001" /><testcase classname="tests.test_suite" name="test_ok_92" time="0.001" /><testcase classname="tests.test_suite" name="test_ok_93" time="0.001" /><testcase classname="tests.test_suite" name="test_ok_94" time="0.001" /><testcase classname="tests.test_suite" name="test_ok_95" time="0.001" /><testcase classname="tests.test_suite" name="test_ok_96" time="0.001" /><testcase classname="tests.test_suite" name="test_ok_97" time="0.001" /><testcase classname="tests.test_suite" name="test_ok_98" time="0.001" /><testcase classname="tests.test_suite" name="test_ok_99" time="0.001" /></testsuite></testsuites>