<?xml version="1.0" encoding="utf-8"?><testsuites name="pytest tests"><testsuite name="pytest" errors="1" failures="0" skipped="0" tests="17" time="5.0" timestamp="2026-09-09T12:00:00+08:00" hostname="fixture"><testcase classname="tests.test_suite" name="test_ok_0" time="0.001" /><testcase classname="tests.test_suite" name="test_ok_1" time="0.001" /><testcase classname="tests.test_suite" name="test_ok_2" time="0.001" /><testcase classname="tests.test_suite" name="test_ok_3" time="0.001" /><testcase classname="tests.test_suite" name="test_ok_4" time="0.001" /><testcase classname="tests.test_suite" name="test_ok_5" time="0.001" /><testcase classname="tests.test_suite" name="test_ok_6" time="0.001" /><testcase classname="tests.test_suite" name="test_ok_7" time="0.001" /><testcase classname="tests.test_suite" name="test_ok_8" time="0.001" /><testcase classname="tests.test_suite" name="test_ok_9" time="0.001" /><testcase classname="tests.test_suite" name="test_ok_10" time="0.001" /><testcase classname="tests.test_suite" name="test_ok_11" time="0.001" /><testcase classname="tests.test_suite" name="test_ok_12" time="0.001" /><testcase classname="tests.test_suite" name="test_ok_13" time="0.001" /><testcase classname="tests.test_suite" name="test_ok_14" time="0.001" /><testcase classname="tests.test_suite" name="test_ok_15" time="0.001" /><testcase classname="" name="tests/test_broken.py" time="0.000"><error message="collection failure">ImportError: 這個檔 import 不進來</error></testcase></testsuite></testsuites>